<?xml version="1.0" encoding="UTF-8"?>
<!-- Generated by org.testng.reporters.JUnitXMLReporter -->
<testsuite ignored="0" hostname="DESKTOP-D3APFNB" failures="0" tests="3" name="Surefire test" time="37.159" errors="0" timestamp="2025-07-25T09:27:41 IST">
  <testcase classname="tests.CabBookingTest" name="testCabFare" time="21.181"/>
  <testcase classname="tests.CabBookingTest" name="testInvalidEmailGiftCard" time="7.591"/>
  <testcase classname="tests.CabBookingTest" name="testHotelAdultCount" time="1.72"/>
</testsuite> <!-- Surefire test -->
