<?xml version="1.0" encoding="UTF-8"?>
<!-- Generated by org.testng.reporters.JUnitXMLReporter -->
<testsuite ignored="0" hostname="DESKTOP-D3APFNB" failures="0" tests="3" name="Travel Tests" time="57.493" errors="0" timestamp="2025-08-01T12:11:56 IST">
  <testcase classname="testCases.CabBookingTest" name="testCabFare" time="22.75"/>
  <testcase classname="testCases.CabBookingTest" name="testInvalidEmailGiftCard" time="19.528"/>
  <testcase classname="testCases.CabBookingTest" name="testHotelAdultCount" time="1.712"/>
</testsuite> <!-- Travel Tests -->
