<?xml version="1.0" encoding="UTF-8"?>
<!-- Generated by org.testng.reporters.JUnitXMLReporter -->
<testsuite ignored="0" hostname="DESKTOP-D3APFNB" failures="0" tests="3" name="Travel Tests" time="61.041" errors="0" timestamp="2025-07-30T16:42:16 IST">
  <testcase classname="testCases.CabBookingTest" name="testCabFare" time="24.931"/>
  <testcase classname="testCases.CabBookingTest" name="testInvalidEmailGiftCard" time="20.578"/>
  <testcase classname="testCases.CabBookingTest" name="testHotelAdultCount" time="1.652"/>
</testsuite> <!-- Travel Tests -->
