<?xml version="1.0" encoding="UTF-8"?>
<testng-results ignored="0" total="3" passed="3" failed="0" skipped="0">
  <reporter-output>
  </reporter-output>
  <suite started-at="2025-07-30T16:41:13 IST" name="MakeMyTrip Automation Suite" finished-at="2025-07-30T16:42:14 IST" duration-ms="61041">
    <groups>
    </groups>
    <test started-at="2025-07-30T16:41:13 IST" name="Travel Tests" finished-at="2025-07-30T16:42:14 IST" duration-ms="61041">
      <class name="testCases.CabBookingTest">
        <test-method is-config="true" signature="setup()[pri:0, instance:testCases.CabBookingTest@2320fa6f]" started-at="2025-07-30T16:41:13 IST" name="setup" finished-at="2025-07-30T16:41:22 IST" duration-ms="8808" status="PASS">
          <reporter-output>
          </reporter-output>
        </test-method> <!-- setup -->
        <test-method signature="testCabFare()[pri:1, instance:testCases.CabBookingTest@2320fa6f]" started-at="2025-07-30T16:41:22 IST" name="testCabFare" finished-at="2025-07-30T16:41:47 IST" duration-ms="24931" status="PASS">
          <reporter-output>
          </reporter-output>
        </test-method> <!-- testCabFare -->
        <test-method signature="testInvalidEmailGiftCard()[pri:2, instance:testCases.CabBookingTest@2320fa6f]" started-at="2025-07-30T16:41:47 IST" name="testInvalidEmailGiftCard" finished-at="2025-07-30T16:42:08 IST" duration-ms="20578" status="PASS">
          <reporter-output>
          </reporter-output>
        </test-method> <!-- testInvalidEmailGiftCard -->
        <test-method signature="testHotelAdultCount()[pri:3, instance:testCases.CabBookingTest@2320fa6f]" started-at="2025-07-30T16:42:08 IST" name="testHotelAdultCount" finished-at="2025-07-30T16:42:09 IST" duration-ms="1652" status="PASS">
          <reporter-output>
          </reporter-output>
        </test-method> <!-- testHotelAdultCount -->
        <test-method is-config="true" signature="teardown()[pri:0, instance:testCases.CabBookingTest@2320fa6f]" started-at="2025-07-30T16:42:09 IST" name="teardown" finished-at="2025-07-30T16:42:14 IST" duration-ms="4681" status="PASS">
          <reporter-output>
          </reporter-output>
        </test-method> <!-- teardown -->
      </class> <!-- testCases.CabBookingTest -->
    </test> <!-- Travel Tests -->
  </suite> <!-- MakeMyTrip Automation Suite -->
</testng-results>
