<?xml version="1.0" encoding="UTF-8"?>
<testng-results ignored="0" total="3" passed="3" failed="0" skipped="0">
  <reporter-output>
  </reporter-output>
  <suite started-at="2025-08-01T12:10:56 IST" name="MakeMyTrip Automation Suite" finished-at="2025-08-01T12:11:54 IST" duration-ms="57493">
    <groups>
    </groups>
    <test started-at="2025-08-01T12:10:56 IST" name="Travel Tests" finished-at="2025-08-01T12:11:54 IST" duration-ms="57493">
      <class name="testCases.CabBookingTest">
        <test-method is-config="true" signature="setup()[pri:0, instance:testCases.CabBookingTest@3b0c9195]" started-at="2025-08-01T12:10:57 IST" name="setup" finished-at="2025-08-01T12:11:05 IST" duration-ms="8471" status="PASS">
          <reporter-output>
          </reporter-output>
        </test-method> <!-- setup -->
        <test-method signature="testCabFare()[pri:1, instance:testCases.CabBookingTest@3b0c9195]" started-at="2025-08-01T12:11:05 IST" name="testCabFare" finished-at="2025-08-01T12:11:28 IST" duration-ms="22750" status="PASS">
          <reporter-output>
          </reporter-output>
        </test-method> <!-- testCabFare -->
        <test-method signature="testInvalidEmailGiftCard()[pri:2, instance:testCases.CabBookingTest@3b0c9195]" started-at="2025-08-01T12:11:28 IST" name="testInvalidEmailGiftCard" finished-at="2025-08-01T12:11:48 IST" duration-ms="19528" status="PASS">
          <reporter-output>
          </reporter-output>
        </test-method> <!-- testInvalidEmailGiftCard -->
        <test-method signature="testHotelAdultCount()[pri:3, instance:testCases.CabBookingTest@3b0c9195]" started-at="2025-08-01T12:11:48 IST" name="testHotelAdultCount" finished-at="2025-08-01T12:11:49 IST" duration-ms="1712" status="PASS">
          <reporter-output>
          </reporter-output>
        </test-method> <!-- testHotelAdultCount -->
        <test-method is-config="true" signature="teardown()[pri:0, instance:testCases.CabBookingTest@3b0c9195]" started-at="2025-08-01T12:11:49 IST" name="teardown" finished-at="2025-08-01T12:11:54 IST" duration-ms="4600" status="PASS">
          <reporter-output>
          </reporter-output>
        </test-method> <!-- teardown -->
      </class> <!-- testCases.CabBookingTest -->
    </test> <!-- Travel Tests -->
  </suite> <!-- MakeMyTrip Automation Suite -->
</testng-results>
