<?xml version="1.0" encoding="UTF-8"?>
<testng-results ignored="0" total="3" passed="3" failed="0" skipped="0">
  <reporter-output>
  </reporter-output>
  <suite started-at="2025-08-02T10:53:41 IST" name="MakeMyTrip Automation Suite" finished-at="2025-08-02T10:55:07 IST" duration-ms="86080">
    <groups>
    </groups>
    <test started-at="2025-08-02T10:53:41 IST" name="Travel Tests" finished-at="2025-08-02T10:55:07 IST" duration-ms="86080">
      <class name="testCases.CabBookingTest">
        <test-method is-config="true" signature="setup()[pri:0, instance:testCases.CabBookingTest@1af146]" started-at="2025-08-02T10:53:42 IST" name="setup" finished-at="2025-08-02T10:54:04 IST" duration-ms="22503" status="PASS">
          <reporter-output>
          </reporter-output>
        </test-method> <!-- setup -->
        <test-method signature="testCabFare()[pri:1, instance:testCases.CabBookingTest@1af146]" started-at="2025-08-02T10:54:04 IST" name="testCabFare" finished-at="2025-08-02T10:54:30 IST" duration-ms="25966" status="PASS">
          <reporter-output>
          </reporter-output>
        </test-method> <!-- testCabFare -->
        <test-method signature="testInvalidEmailGiftCard()[pri:2, instance:testCases.CabBookingTest@1af146]" started-at="2025-08-02T10:54:30 IST" name="testInvalidEmailGiftCard" finished-at="2025-08-02T10:54:55 IST" duration-ms="24373" status="PASS">
          <reporter-output>
          </reporter-output>
        </test-method> <!-- testInvalidEmailGiftCard -->
        <test-method signature="testHotelAdultCount()[pri:3, instance:testCases.CabBookingTest@1af146]" started-at="2025-08-02T10:54:55 IST" name="testHotelAdultCount" finished-at="2025-08-02T10:54:57 IST" duration-ms="2064" status="PASS">
          <reporter-output>
          </reporter-output>
        </test-method> <!-- testHotelAdultCount -->
        <test-method is-config="true" signature="teardown()[pri:0, instance:testCases.CabBookingTest@1af146]" started-at="2025-08-02T10:54:57 IST" name="teardown" finished-at="2025-08-02T10:55:07 IST" duration-ms="10261" status="PASS">
          <reporter-output>
          </reporter-output>
        </test-method> <!-- teardown -->
      </class> <!-- testCases.CabBookingTest -->
    </test> <!-- Travel Tests -->
  </suite> <!-- MakeMyTrip Automation Suite -->
</testng-results>
