<?xml version="1.0" encoding="UTF-8"?>
<!-- Generated by org.testng.reporters.JUnitXMLReporter -->
<testsuite ignored="0" hostname="DESKTOP-D3APFNB" failures="0" tests="3" name="Travel Tests" time="31.531" errors="0" timestamp="2025-07-25T09:28:48 IST">
  <testcase classname="tests.CabBookingTest" name="testCabFare" time="15.153"/>
  <testcase classname="tests.CabBookingTest" name="testInvalidEmailGiftCard" time="6.188"/>
  <testcase classname="tests.CabBookingTest" name="testHotelAdultCount" time="1.698"/>
</testsuite> <!-- Travel Tests -->
