<?xml version="1.0" encoding="UTF-8"?>
<!-- Generated by org.testng.reporters.JUnitXMLReporter -->
<testsuite ignored="0" hostname="DESKTOP-D3APFNB" failures="0" tests="3" name="Travel Tests" time="86.08" errors="0" timestamp="2025-08-02T10:55:12 IST">
  <testcase classname="testCases.CabBookingTest" name="testCabFare" time="25.966"/>
  <testcase classname="testCases.CabBookingTest" name="testInvalidEmailGiftCard" time="24.373"/>
  <testcase classname="testCases.CabBookingTest" name="testHotelAdultCount" time="2.064"/>
</testsuite> <!-- Travel Tests -->
